2014.08.22 11:02:39 org.jivesoftware.util.CertificateManager - 
java.lang.NullPointerException
	at org.jivesoftware.openfire.container.AdminConsolePlugin$CertificateListener.certificateCreated(AdminConsolePlugin.java:365)
	at org.jivesoftware.util.CertificateManager.createRSACert(CertificateManager.java:180)
	at org.jivesoftware.openfire.XMPPServer.finishSetup(XMPPServer.java:406)
	at org.jivesoftware.openfire.admin.setup.setup_002dfinished_jsp._jspService(setup_002dfinished_jsp.java:92)
	at org.apache.jasper.runtime.HttpJspBase.service(HttpJspBase.java:97)
	at javax.servlet.http.HttpServlet.service(HttpServlet.java:820)
	at org.eclipse.jetty.servlet.ServletHolder.handle(ServletHolder.java:547)
	at org.eclipse.jetty.servlet.ServletHandler$CachedChain.doFilter(ServletHandler.java:1359)
	at com.opensymphony.module.sitemesh.filter.PageFilter.parsePage(PageFilter.java:118)
	at com.opensymphony.module.sitemesh.filter.PageFilter.doFilter(PageFilter.java:52)
	at org.eclipse.jetty.servlet.ServletHandler$CachedChain.doFilter(ServletHandler.java:1330)
	at org.jivesoftware.util.LocaleFilter.doFilter(LocaleFilter.java:74)
	at org.eclipse.jetty.servlet.ServletHandler$CachedChain.doFilter(ServletHandler.java:1330)
	at org.jivesoftware.util.SetCharacterEncodingFilter.doFilter(SetCharacterEncodingFilter.java:50)
	at org.eclipse.jetty.servlet.ServletHandler$CachedChain.doFilter(ServletHandler.java:1330)
	at org.jivesoftware.admin.PluginFilter.doFilter(PluginFilter.java:78)
	at org.eclipse.jetty.servlet.ServletHandler$CachedChain.doFilter(ServletHandler.java:1330)
	at org.jivesoftware.admin.AuthCheckFilter.doFilter(AuthCheckFilter.java:164)
	at org.eclipse.jetty.servlet.ServletHandler$CachedChain.doFilter(ServletHandler.java:1330)
	at org.eclipse.jetty.servlet.ServletHandler.doHandle(ServletHandler.java:478)
	at org.eclipse.jetty.server.handler.ScopedHandler.handle(ScopedHandler.java:119)
	at org.eclipse.jetty.security.SecurityHandler.handle(SecurityHandler.java:520)
	at org.eclipse.jetty.server.session.SessionHandler.doHandle(SessionHandler.java:227)
	at org.eclipse.jetty.server.handler.ContextHandler.doHandle(ContextHandler.java:941)
	at org.eclipse.jetty.servlet.ServletHandler.doScope(ServletHandler.java:409)
	at org.eclipse.jetty.server.session.SessionHandler.doScope(SessionHandler.java:186)
	at org.eclipse.jetty.server.handler.ContextHandler.doScope(ContextHandler.java:875)
	at org.eclipse.jetty.server.handler.ScopedHandler.handle(ScopedHandler.java:117)
	at org.eclipse.jetty.server.handler.ContextHandlerCollection.handle(ContextHandlerCollection.java:250)
	at org.eclipse.jetty.server.handler.HandlerCollection.handle(HandlerCollection.java:149)
	at org.eclipse.jetty.server.handler.HandlerWrapper.handle(HandlerWrapper.java:110)
	at org.eclipse.jetty.server.Server.handle(Server.java:349)
	at org.eclipse.jetty.server.HttpConnection.handleRequest(HttpConnection.java:441)
	at org.eclipse.jetty.server.HttpConnection$RequestHandler.headerComplete(HttpConnection.java:919)
	at org.eclipse.jetty.http.HttpParser.parseNext(HttpParser.java:582)
	at org.eclipse.jetty.http.HttpParser.parseAvailable(HttpParser.java:218)
	at org.eclipse.jetty.server.AsyncHttpConnection.handle(AsyncHttpConnection.java:51)
	at org.eclipse.jetty.io.nio.SelectChannelEndPoint.handle(SelectChannelEndPoint.java:586)
	at org.eclipse.jetty.io.nio.SelectChannelEndPoint$1.run(SelectChannelEndPoint.java:44)
	at org.eclipse.jetty.util.thread.QueuedThreadPool.runJob(QueuedThreadPool.java:598)
	at org.eclipse.jetty.util.thread.QueuedThreadPool$3.run(QueuedThreadPool.java:533)
	at java.lang.Thread.run(Thread.java:722)
2014.08.22 11:02:45 org.jivesoftware.openfire.http.HttpBindManager - Error creating SSL connector for Http bind
java.lang.NullPointerException
	at org.jivesoftware.util.CertificateManager.isCertificate(CertificateManager.java:365)
	at org.jivesoftware.util.CertificateManager.isRSACertificate(CertificateManager.java:322)
	at org.jivesoftware.openfire.http.HttpBindManager.createSSLConnector(HttpBindManager.java:209)
	at org.jivesoftware.openfire.http.HttpBindManager.configureHttpBindServer(HttpBindManager.java:506)
	at org.jivesoftware.openfire.http.HttpBindManager.start(HttpBindManager.java:163)
	at org.jivesoftware.openfire.spi.ConnectionManagerImpl.startHTTPBindListeners(ConnectionManagerImpl.java:564)
	at org.jivesoftware.openfire.spi.ConnectionManagerImpl.startListeners(ConnectionManagerImpl.java:180)
	at org.jivesoftware.openfire.spi.ConnectionManagerImpl.access$0(ConnectionManagerImpl.java:139)
	at org.jivesoftware.openfire.spi.ConnectionManagerImpl$1.pluginsMonitored(ConnectionManagerImpl.java:152)
	at org.jivesoftware.openfire.container.PluginManager.firePluginsMonitored(PluginManager.java:568)
	at org.jivesoftware.openfire.container.PluginManager.access$6(PluginManager.java:566)
	at org.jivesoftware.openfire.container.PluginManager$PluginMonitor.run(PluginManager.java:1084)
	at java.util.concurrent.Executors$RunnableAdapter.call(Executors.java:471)
	at java.util.concurrent.FutureTask$Sync.innerRunAndReset(FutureTask.java:351)
	at java.util.concurrent.FutureTask.runAndReset(FutureTask.java:178)
	at java.util.concurrent.ScheduledThreadPoolExecutor$ScheduledFutureTask.access$301(ScheduledThreadPoolExecutor.java:178)
	at java.util.concurrent.ScheduledThreadPoolExecutor$ScheduledFutureTask.run(ScheduledThreadPoolExecutor.java:293)
	at java.util.concurrent.ThreadPoolExecutor.runWorker(ThreadPoolExecutor.java:1110)
	at java.util.concurrent.ThreadPoolExecutor$Worker.run(ThreadPoolExecutor.java:603)
	at java.lang.Thread.run(Thread.java:722)
2014.08.22 11:03:08 org.jivesoftware.util.CertificateManager - Error decoding subjectAltName
java.lang.ClassCastException: org.bouncycastle.asn1.DERTaggedObject cannot be cast to org.bouncycastle.asn1.ASN1Sequence
	at org.jivesoftware.util.CertificateManager.getSubjectAlternativeNames(CertificateManager.java:260)
	at org.jivesoftware.util.CertificateManager.getPeerIdentities(CertificateManager.java:223)
	at org.jivesoftware.util.CertificateManager.isCertificate(CertificateManager.java:371)
	at org.jivesoftware.util.CertificateManager.isRSACertificate(CertificateManager.java:322)
	at org.jivesoftware.openfire.admin.index_jsp._jspService(index_jsp.java:303)
	at org.apache.jasper.runtime.HttpJspBase.service(HttpJspBase.java:97)
	at javax.servlet.http.HttpServlet.service(HttpServlet.java:820)
	at org.eclipse.jetty.servlet.ServletHolder.handle(ServletHolder.java:547)
	at org.eclipse.jetty.servlet.ServletHandler$CachedChain.doFilter(ServletHandler.java:1359)
	at com.opensymphony.module.sitemesh.filter.PageFilter.parsePage(PageFilter.java:118)
	at com.opensymphony.module.sitemesh.filter.PageFilter.doFilter(PageFilter.java:52)
	at org.eclipse.jetty.servlet.ServletHandler$CachedChain.doFilter(ServletHandler.java:1330)
	at org.jivesoftware.util.LocaleFilter.doFilter(LocaleFilter.java:74)
	at org.eclipse.jetty.servlet.ServletHandler$CachedChain.doFilter(ServletHandler.java:1330)
	at org.jivesoftware.util.SetCharacterEncodingFilter.doFilter(SetCharacterEncodingFilter.java:50)
	at org.eclipse.jetty.servlet.ServletHandler$CachedChain.doFilter(ServletHandler.java:1330)
	at org.jivesoftware.admin.PluginFilter.doFilter(PluginFilter.java:78)
	at org.eclipse.jetty.servlet.ServletHandler$CachedChain.doFilter(ServletHandler.java:1330)
	at org.jivesoftware.admin.AuthCheckFilter.doFilter(AuthCheckFilter.java:164)
	at org.eclipse.jetty.servlet.ServletHandler$CachedChain.doFilter(ServletHandler.java:1330)
	at org.eclipse.jetty.servlet.ServletHandler.doHandle(ServletHandler.java:478)
	at org.eclipse.jetty.server.handler.ScopedHandler.handle(ScopedHandler.java:119)
	at org.eclipse.jetty.security.SecurityHandler.handle(SecurityHandler.java:520)
	at org.eclipse.jetty.server.session.SessionHandler.doHandle(SessionHandler.java:227)
	at org.eclipse.jetty.server.handler.ContextHandler.doHandle(ContextHandler.java:941)
	at org.eclipse.jetty.servlet.ServletHandler.doScope(ServletHandler.java:409)
	at org.eclipse.jetty.server.session.SessionHandler.doScope(SessionHandler.java:186)
	at org.eclipse.jetty.server.handler.ContextHandler.doScope(ContextHandler.java:875)
	at org.eclipse.jetty.server.handler.ScopedHandler.handle(ScopedHandler.java:117)
	at org.eclipse.jetty.server.handler.ContextHandlerCollection.handle(ContextHandlerCollection.java:250)
	at org.eclipse.jetty.server.handler.HandlerCollection.handle(HandlerCollection.java:149)
	at org.eclipse.jetty.server.handler.HandlerWrapper.handle(HandlerWrapper.java:110)
	at org.eclipse.jetty.server.Server.handle(Server.java:349)
	at org.eclipse.jetty.server.HttpConnection.handleRequest(HttpConnection.java:441)
	at org.eclipse.jetty.server.HttpConnection$RequestHandler.headerComplete(HttpConnection.java:919)
	at org.eclipse.jetty.http.HttpParser.parseNext(HttpParser.java:582)
	at org.eclipse.jetty.http.HttpParser.parseAvailable(HttpParser.java:218)
	at org.eclipse.jetty.server.AsyncHttpConnection.handle(AsyncHttpConnection.java:51)
	at org.eclipse.jetty.io.nio.SelectChannelEndPoint.handle(SelectChannelEndPoint.java:586)
	at org.eclipse.jetty.io.nio.SelectChannelEndPoint$1.run(SelectChannelEndPoint.java:44)
	at org.eclipse.jetty.util.thread.QueuedThreadPool.runJob(QueuedThreadPool.java:598)
	at org.eclipse.jetty.util.thread.QueuedThreadPool$3.run(QueuedThreadPool.java:533)
	at java.lang.Thread.run(Thread.java:722)
2014.08.22 11:03:10 org.jivesoftware.util.CertificateManager - Error decoding subjectAltName
java.lang.ClassCastException: org.bouncycastle.asn1.DERTaggedObject cannot be cast to org.bouncycastle.asn1.ASN1Sequence
	at org.jivesoftware.util.CertificateManager.getSubjectAlternativeNames(CertificateManager.java:260)
	at org.jivesoftware.util.CertificateManager.getPeerIdentities(CertificateManager.java:223)
	at org.jivesoftware.util.CertificateManager.isCertificate(CertificateManager.java:371)
	at org.jivesoftware.util.CertificateManager.isRSACertificate(CertificateManager.java:322)
	at org.jivesoftware.openfire.admin.index_jsp._jspService(index_jsp.java:519)
	at org.apache.jasper.runtime.HttpJspBase.service(HttpJspBase.java:97)
	at javax.servlet.http.HttpServlet.service(HttpServlet.java:820)
	at org.eclipse.jetty.servlet.ServletHolder.handle(ServletHolder.java:547)
	at org.eclipse.jetty.servlet.ServletHandler$CachedChain.doFilter(ServletHandler.java:1359)
	at com.opensymphony.module.sitemesh.filter.PageFilter.parsePage(PageFilter.java:118)
	at com.opensymphony.module.sitemesh.filter.PageFilter.doFilter(PageFilter.java:52)
	at org.eclipse.jetty.servlet.ServletHandler$CachedChain.doFilter(ServletHandler.java:1330)
	at org.jivesoftware.util.LocaleFilter.doFilter(LocaleFilter.java:74)
	at org.eclipse.jetty.servlet.ServletHandler$CachedChain.doFilter(ServletHandler.java:1330)
	at org.jivesoftware.util.SetCharacterEncodingFilter.doFilter(SetCharacterEncodingFilter.java:50)
	at org.eclipse.jetty.servlet.ServletHandler$CachedChain.doFilter(ServletHandler.java:1330)
	at org.jivesoftware.admin.PluginFilter.doFilter(PluginFilter.java:78)
	at org.eclipse.jetty.servlet.ServletHandler$CachedChain.doFilter(ServletHandler.java:1330)
	at org.jivesoftware.admin.AuthCheckFilter.doFilter(AuthCheckFilter.java:164)
	at org.eclipse.jetty.servlet.ServletHandler$CachedChain.doFilter(ServletHandler.java:1330)
	at org.eclipse.jetty.servlet.ServletHandler.doHandle(ServletHandler.java:478)
	at org.eclipse.jetty.server.handler.ScopedHandler.handle(ScopedHandler.java:119)
	at org.eclipse.jetty.security.SecurityHandler.handle(SecurityHandler.java:520)
	at org.eclipse.jetty.server.session.SessionHandler.doHandle(SessionHandler.java:227)
	at org.eclipse.jetty.server.handler.ContextHandler.doHandle(ContextHandler.java:941)
	at org.eclipse.jetty.servlet.ServletHandler.doScope(ServletHandler.java:409)
	at org.eclipse.jetty.server.session.SessionHandler.doScope(SessionHandler.java:186)
	at org.eclipse.jetty.server.handler.ContextHandler.doScope(ContextHandler.java:875)
	at org.eclipse.jetty.server.handler.ScopedHandler.handle(ScopedHandler.java:117)
	at org.eclipse.jetty.server.handler.ContextHandlerCollection.handle(ContextHandlerCollection.java:250)
	at org.eclipse.jetty.server.handler.HandlerCollection.handle(HandlerCollection.java:149)
	at org.eclipse.jetty.server.handler.HandlerWrapper.handle(HandlerWrapper.java:110)
	at org.eclipse.jetty.server.Server.handle(Server.java:349)
	at org.eclipse.jetty.server.HttpConnection.handleRequest(HttpConnection.java:441)
	at org.eclipse.jetty.server.HttpConnection$RequestHandler.headerComplete(HttpConnection.java:919)
	at org.eclipse.jetty.http.HttpParser.parseNext(HttpParser.java:582)
	at org.eclipse.jetty.http.HttpParser.parseAvailable(HttpParser.java:218)
	at org.eclipse.jetty.server.AsyncHttpConnection.handle(AsyncHttpConnection.java:51)
	at org.eclipse.jetty.io.nio.SelectChannelEndPoint.handle(SelectChannelEndPoint.java:586)
	at org.eclipse.jetty.io.nio.SelectChannelEndPoint$1.run(SelectChannelEndPoint.java:44)
	at org.eclipse.jetty.util.thread.QueuedThreadPool.runJob(QueuedThreadPool.java:598)
	at org.eclipse.jetty.util.thread.QueuedThreadPool$3.run(QueuedThreadPool.java:533)
	at java.lang.Thread.run(Thread.java:722)
2014.08.22 13:47:54 org.jivesoftware.openfire.filetransfer.proxy.ProxyConnectionManager - Error creating server socket
java.net.BindException: Address already in use: JVM_Bind
	at java.net.DualStackPlainSocketImpl.bind0(Native Method)
	at java.net.DualStackPlainSocketImpl.socketBind(DualStackPlainSocketImpl.java:96)
	at java.net.AbstractPlainSocketImpl.bind(AbstractPlainSocketImpl.java:376)
	at java.net.PlainSocketImpl.bind(PlainSocketImpl.java:175)
	at java.net.ServerSocket.bind(ServerSocket.java:376)
	at java.net.ServerSocket.<init>(ServerSocket.java:237)
	at org.jivesoftware.openfire.filetransfer.proxy.ProxyConnectionManager$1.run(ProxyConnectionManager.java:104)
	at java.util.concurrent.Executors$RunnableAdapter.call(Executors.java:471)
	at java.util.concurrent.FutureTask$Sync.innerRun(FutureTask.java:334)
	at java.util.concurrent.FutureTask.run(FutureTask.java:166)
	at java.util.concurrent.ThreadPoolExecutor.runWorker(ThreadPoolExecutor.java:1110)
	at java.util.concurrent.ThreadPoolExecutor$Worker.run(ThreadPoolExecutor.java:603)
	at java.lang.Thread.run(Thread.java:722)
2014.08.22 13:47:54 org.jivesoftware.openfire.FlashCrossDomainHandler - Could not listen on port: 5229
java.net.BindException: Address already in use: JVM_Bind
	at java.net.DualStackPlainSocketImpl.bind0(Native Method)
	at java.net.DualStackPlainSocketImpl.socketBind(DualStackPlainSocketImpl.java:96)
	at java.net.AbstractPlainSocketImpl.bind(AbstractPlainSocketImpl.java:376)
	at java.net.PlainSocketImpl.bind(PlainSocketImpl.java:175)
	at java.net.ServerSocket.bind(ServerSocket.java:376)
	at java.net.ServerSocket.<init>(ServerSocket.java:237)
	at org.jivesoftware.openfire.FlashCrossDomainHandler.startServer(FlashCrossDomainHandler.java:101)
	at org.jivesoftware.openfire.FlashCrossDomainHandler.access$0(FlashCrossDomainHandler.java:85)
	at org.jivesoftware.openfire.FlashCrossDomainHandler$1.run(FlashCrossDomainHandler.java:58)
	at java.lang.Thread.run(Thread.java:722)
2014.08.22 13:47:54 org.jivesoftware.openfire.spi.ConnectionManagerImpl - 无法设置服务器套接字
java.net.BindException: Address already in use: JVM_Bind
	at java.net.DualStackPlainSocketImpl.bind0(Native Method)
	at java.net.DualStackPlainSocketImpl.socketBind(DualStackPlainSocketImpl.java:96)
	at java.net.AbstractPlainSocketImpl.bind(AbstractPlainSocketImpl.java:376)
	at java.net.PlainSocketImpl.bind(PlainSocketImpl.java:175)
	at java.net.ServerSocket.bind(ServerSocket.java:376)
	at java.net.ServerSocket.<init>(ServerSocket.java:237)
	at org.jivesoftware.openfire.net.BlockingAcceptingMode.<init>(BlockingAcceptingMode.java:46)
	at org.jivesoftware.openfire.net.SocketAcceptThread.<init>(SocketAcceptThread.java:65)
	at org.jivesoftware.openfire.spi.ConnectionManagerImpl.createServerListener(ConnectionManagerImpl.java:189)
	at org.jivesoftware.openfire.spi.ConnectionManagerImpl.createListeners(ConnectionManagerImpl.java:128)
	at org.jivesoftware.openfire.spi.ConnectionManagerImpl.start(ConnectionManagerImpl.java:912)
	at org.jivesoftware.openfire.XMPPServer.startModules(XMPPServer.java:616)
	at org.jivesoftware.openfire.XMPPServer.start(XMPPServer.java:479)
	at org.jivesoftware.openfire.XMPPServer.<init>(XMPPServer.java:197)
	at sun.reflect.NativeConstructorAccessorImpl.newInstance0(Native Method)
	at sun.reflect.NativeConstructorAccessorImpl.newInstance(NativeConstructorAccessorImpl.java:57)
	at sun.reflect.DelegatingConstructorAccessorImpl.newInstance(DelegatingConstructorAccessorImpl.java:45)
	at java.lang.reflect.Constructor.newInstance(Constructor.java:525)
	at java.lang.Class.newInstance0(Class.java:372)
	at java.lang.Class.newInstance(Class.java:325)
	at org.jivesoftware.openfire.starter.ServerStarter.start(ServerStarter.java:113)
	at org.jivesoftware.openfire.starter.ServerStarter.main(ServerStarter.java:58)
2014.08.22 13:47:56 org.jivesoftware.openfire.spi.ConnectionManagerImpl - 无法设置服务器套接字
java.lang.NullPointerException
	at org.jivesoftware.openfire.spi.ConnectionManagerImpl.startServerListener(ConnectionManagerImpl.java:207)
	at org.jivesoftware.openfire.spi.ConnectionManagerImpl.startListeners(ConnectionManagerImpl.java:170)
	at org.jivesoftware.openfire.spi.ConnectionManagerImpl.access$0(ConnectionManagerImpl.java:139)
	at org.jivesoftware.openfire.spi.ConnectionManagerImpl$1.pluginsMonitored(ConnectionManagerImpl.java:152)
	at org.jivesoftware.openfire.container.PluginManager.firePluginsMonitored(PluginManager.java:568)
	at org.jivesoftware.openfire.container.PluginManager.access$6(PluginManager.java:566)
	at org.jivesoftware.openfire.container.PluginManager$PluginMonitor.run(PluginManager.java:1084)
	at java.util.concurrent.Executors$RunnableAdapter.call(Executors.java:471)
	at java.util.concurrent.FutureTask$Sync.innerRunAndReset(FutureTask.java:351)
	at java.util.concurrent.FutureTask.runAndReset(FutureTask.java:178)
	at java.util.concurrent.ScheduledThreadPoolExecutor$ScheduledFutureTask.access$301(ScheduledThreadPoolExecutor.java:178)
	at java.util.concurrent.ScheduledThreadPoolExecutor$ScheduledFutureTask.run(ScheduledThreadPoolExecutor.java:293)
	at java.util.concurrent.ThreadPoolExecutor.runWorker(ThreadPoolExecutor.java:1110)
	at java.util.concurrent.ThreadPoolExecutor$Worker.run(ThreadPoolExecutor.java:603)
	at java.lang.Thread.run(Thread.java:722)
2014.08.22 13:57:03 org.jivesoftware.openfire.nio.ConnectionHandler - Closing connection due to error while processing message: <iq id='144-1' to='192.168.200.80' type='result'></iq>
java.lang.NullPointerException
	at org.jivesoftware.openfire.IQRouter.route(IQRouter.java:117)
	at org.jivesoftware.openfire.spi.PacketRouterImpl.route(PacketRouterImpl.java:76)
	at org.jivesoftware.openfire.net.StanzaHandler.processIQ(StanzaHandler.java:330)
	at org.jivesoftware.openfire.net.ClientStanzaHandler.processIQ(ClientStanzaHandler.java:93)
	at org.jivesoftware.openfire.net.StanzaHandler.process(StanzaHandler.java:295)
	at org.jivesoftware.openfire.net.StanzaHandler.process(StanzaHandler.java:187)
	at org.jivesoftware.openfire.nio.ConnectionHandler.messageReceived(ConnectionHandler.java:181)
	at org.apache.mina.common.support.AbstractIoFilterChain$TailFilter.messageReceived(AbstractIoFilterChain.java:570)
	at org.apache.mina.common.support.AbstractIoFilterChain.callNextMessageReceived(AbstractIoFilterChain.java:299)
	at org.apache.mina.common.support.AbstractIoFilterChain.access$1100(AbstractIoFilterChain.java:53)
	at org.apache.mina.common.support.AbstractIoFilterChain$EntryImpl$1.messageReceived(AbstractIoFilterChain.java:648)
	at org.apache.mina.common.IoFilterAdapter.messageReceived(IoFilterAdapter.java:80)
	at org.apache.mina.common.support.AbstractIoFilterChain.callNextMessageReceived(AbstractIoFilterChain.java:299)
	at org.apache.mina.common.support.AbstractIoFilterChain.access$1100(AbstractIoFilterChain.java:53)
	at org.apache.mina.common.support.AbstractIoFilterChain$EntryImpl$1.messageReceived(AbstractIoFilterChain.java:648)
	at org.apache.mina.filter.codec.support.SimpleProtocolDecoderOutput.flush(SimpleProtocolDecoderOutput.java:58)
	at org.apache.mina.filter.codec.ProtocolCodecFilter.messageReceived(ProtocolCodecFilter.java:185)
	at org.apache.mina.common.support.AbstractIoFilterChain.callNextMessageReceived(AbstractIoFilterChain.java:299)
	at org.apache.mina.common.support.AbstractIoFilterChain.access$1100(AbstractIoFilterChain.java:53)
	at org.apache.mina.common.support.AbstractIoFilterChain$EntryImpl$1.messageReceived(AbstractIoFilterChain.java:648)
	at org.apache.mina.filter.executor.ExecutorFilter.processEvent(ExecutorFilter.java:239)
	at org.apache.mina.filter.executor.ExecutorFilter$ProcessEventsRunnable.run(ExecutorFilter.java:283)
	at java.util.concurrent.ThreadPoolExecutor.runWorker(ThreadPoolExecutor.java:1110)
	at java.util.concurrent.ThreadPoolExecutor$Worker.run(ThreadPoolExecutor.java:603)
	at org.apache.mina.util.NamePreservingRunnable.run(NamePreservingRunnable.java:51)
	at java.lang.Thread.run(Thread.java:722)
2014.08.22 14:38:22 org.jivesoftware.openfire.user.DefaultUserProvider - 内部服务器错误
java.sql.SQLException: No value specified for parameter 8
	at com.mysql.jdbc.SQLError.createSQLException(SQLError.java:1084)
	at com.mysql.jdbc.SQLError.createSQLException(SQLError.java:987)
	at com.mysql.jdbc.SQLError.createSQLException(SQLError.java:973)
	at com.mysql.jdbc.SQLError.createSQLException(SQLError.java:918)
	at com.mysql.jdbc.PreparedStatement.checkAllParametersSet(PreparedStatement.java:2487)
	at com.mysql.jdbc.PreparedStatement.fillSendPacket(PreparedStatement.java:2462)
	at com.mysql.jdbc.PreparedStatement.fillSendPacket(PreparedStatement.java:2386)
	at com.mysql.jdbc.PreparedStatement.execute(PreparedStatement.java:1273)
	at sun.reflect.NativeMethodAccessorImpl.invoke0(Native Method)
	at sun.reflect.NativeMethodAccessorImpl.invoke(NativeMethodAccessorImpl.java:57)
	at sun.reflect.DelegatingMethodAccessorImpl.invoke(DelegatingMethodAccessorImpl.java:43)
	at java.lang.reflect.Method.invoke(Method.java:601)
	at org.logicalcobwebs.proxool.ProxyStatement.invoke(ProxyStatement.java:100)
	at org.logicalcobwebs.proxool.ProxyStatement.intercept(ProxyStatement.java:57)
	at $java.sql.PreparedStatement$$EnhancerByProxool$$18b4cbe9.execute(<generated>)
	at org.jivesoftware.openfire.user.DefaultUserProvider.createUser(DefaultUserProvider.java:183)
	at org.jivesoftware.openfire.user.UserManager.createUser(UserManager.java:178)
	at org.jivesoftware.openfire.handler.IQRegisterHandler.handleIQ(IQRegisterHandler.java:401)
	at org.jivesoftware.openfire.handler.IQHandler.process(IQHandler.java:65)
	at org.jivesoftware.openfire.IQRouter.handle(IQRouter.java:375)
	at org.jivesoftware.openfire.IQRouter.route(IQRouter.java:122)
	at org.jivesoftware.openfire.spi.PacketRouterImpl.route(PacketRouterImpl.java:76)
	at org.jivesoftware.openfire.net.StanzaHandler.processIQ(StanzaHandler.java:330)
	at org.jivesoftware.openfire.net.ClientStanzaHandler.processIQ(ClientStanzaHandler.java:93)
	at org.jivesoftware.openfire.net.StanzaHandler.process(StanzaHandler.java:295)
	at org.jivesoftware.openfire.net.StanzaHandler.process(StanzaHandler.java:187)
	at org.jivesoftware.openfire.nio.ConnectionHandler.messageReceived(ConnectionHandler.java:181)
	at org.apache.mina.common.support.AbstractIoFilterChain$TailFilter.messageReceived(AbstractIoFilterChain.java:570)
	at org.apache.mina.common.support.AbstractIoFilterChain.callNextMessageReceived(AbstractIoFilterChain.java:299)
	at org.apache.mina.common.support.AbstractIoFilterChain.access$1100(AbstractIoFilterChain.java:53)
	at org.apache.mina.common.support.AbstractIoFilterChain$EntryImpl$1.messageReceived(AbstractIoFilterChain.java:648)
	at org.apache.mina.common.IoFilterAdapter.messageReceived(IoFilterAdapter.java:80)
	at org.apache.mina.common.support.AbstractIoFilterChain.callNextMessageReceived(AbstractIoFilterChain.java:299)
	at org.apache.mina.common.support.AbstractIoFilterChain.access$1100(AbstractIoFilterChain.java:53)
	at org.apache.mina.common.support.AbstractIoFilterChain$EntryImpl$1.messageReceived(AbstractIoFilterChain.java:648)
	at org.apache.mina.filter.codec.support.SimpleProtocolDecoderOutput.flush(SimpleProtocolDecoderOutput.java:58)
	at org.apache.mina.filter.codec.ProtocolCodecFilter.messageReceived(ProtocolCodecFilter.java:185)
	at org.apache.mina.common.support.AbstractIoFilterChain.callNextMessageReceived(AbstractIoFilterChain.java:299)
	at org.apache.mina.common.support.AbstractIoFilterChain.access$1100(AbstractIoFilterChain.java:53)
	at org.apache.mina.common.support.AbstractIoFilterChain$EntryImpl$1.messageReceived(AbstractIoFilterChain.java:648)
	at org.apache.mina.filter.executor.ExecutorFilter.processEvent(ExecutorFilter.java:239)
	at org.apache.mina.filter.executor.ExecutorFilter$ProcessEventsRunnable.run(ExecutorFilter.java:283)
	at java.util.concurrent.ThreadPoolExecutor.runWorker(ThreadPoolExecutor.java:1110)
	at java.util.concurrent.ThreadPoolExecutor$Worker.run(ThreadPoolExecutor.java:603)
	at org.apache.mina.util.NamePreservingRunnable.run(NamePreservingRunnable.java:51)
	at java.lang.Thread.run(Thread.java:722)
2014.08.22 14:39:16 org.jivesoftware.openfire.user.DefaultUserProvider - 内部服务器错误
java.sql.SQLException: No value specified for parameter 8
	at com.mysql.jdbc.SQLError.createSQLException(SQLError.java:1084)
	at com.mysql.jdbc.SQLError.createSQLException(SQLError.java:987)
	at com.mysql.jdbc.SQLError.createSQLException(SQLError.java:973)
	at com.mysql.jdbc.SQLError.createSQLException(SQLError.java:918)
	at com.mysql.jdbc.PreparedStatement.checkAllParametersSet(PreparedStatement.java:2487)
	at com.mysql.jdbc.PreparedStatement.fillSendPacket(PreparedStatement.java:2462)
	at com.mysql.jdbc.PreparedStatement.fillSendPacket(PreparedStatement.java:2386)
	at com.mysql.jdbc.PreparedStatement.execute(PreparedStatement.java:1273)
	at sun.reflect.NativeMethodAccessorImpl.invoke0(Native Method)
	at sun.reflect.NativeMethodAccessorImpl.invoke(NativeMethodAccessorImpl.java:57)
	at sun.reflect.DelegatingMethodAccessorImpl.invoke(DelegatingMethodAccessorImpl.java:43)
	at java.lang.reflect.Method.invoke(Method.java:601)
	at org.logicalcobwebs.proxool.ProxyStatement.invoke(ProxyStatement.java:100)
	at org.logicalcobwebs.proxool.ProxyStatement.intercept(ProxyStatement.java:57)
	at $java.sql.PreparedStatement$$EnhancerByProxool$$18b4cbe9.execute(<generated>)
	at org.jivesoftware.openfire.user.DefaultUserProvider.createUser(DefaultUserProvider.java:183)
	at org.jivesoftware.openfire.user.UserManager.createUser(UserManager.java:178)
	at org.jivesoftware.openfire.handler.IQRegisterHandler.handleIQ(IQRegisterHandler.java:401)
	at org.jivesoftware.openfire.handler.IQHandler.process(IQHandler.java:65)
	at org.jivesoftware.openfire.IQRouter.handle(IQRouter.java:375)
	at org.jivesoftware.openfire.IQRouter.route(IQRouter.java:122)
	at org.jivesoftware.openfire.spi.PacketRouterImpl.route(PacketRouterImpl.java:76)
	at org.jivesoftware.openfire.net.StanzaHandler.processIQ(StanzaHandler.java:330)
	at org.jivesoftware.openfire.net.ClientStanzaHandler.processIQ(ClientStanzaHandler.java:93)
	at org.jivesoftware.openfire.net.StanzaHandler.process(StanzaHandler.java:295)
	at org.jivesoftware.openfire.net.StanzaHandler.process(StanzaHandler.java:187)
	at org.jivesoftware.openfire.nio.ConnectionHandler.messageReceived(ConnectionHandler.java:181)
	at org.apache.mina.common.support.AbstractIoFilterChain$TailFilter.messageReceived(AbstractIoFilterChain.java:570)
	at org.apache.mina.common.support.AbstractIoFilterChain.callNextMessageReceived(AbstractIoFilterChain.java:299)
	at org.apache.mina.common.support.AbstractIoFilterChain.access$1100(AbstractIoFilterChain.java:53)
	at org.apache.mina.common.support.AbstractIoFilterChain$EntryImpl$1.messageReceived(AbstractIoFilterChain.java:648)
	at org.apache.mina.common.IoFilterAdapter.messageReceived(IoFilterAdapter.java:80)
	at org.apache.mina.common.support.AbstractIoFilterChain.callNextMessageReceived(AbstractIoFilterChain.java:299)
	at org.apache.mina.common.support.AbstractIoFilterChain.access$1100(AbstractIoFilterChain.java:53)
	at org.apache.mina.common.support.AbstractIoFilterChain$EntryImpl$1.messageReceived(AbstractIoFilterChain.java:648)
	at org.apache.mina.filter.codec.support.SimpleProtocolDecoderOutput.flush(SimpleProtocolDecoderOutput.java:58)
	at org.apache.mina.filter.codec.ProtocolCodecFilter.messageReceived(ProtocolCodecFilter.java:185)
	at org.apache.mina.common.support.AbstractIoFilterChain.callNextMessageReceived(AbstractIoFilterChain.java:299)
	at org.apache.mina.common.support.AbstractIoFilterChain.access$1100(AbstractIoFilterChain.java:53)
	at org.apache.mina.common.support.AbstractIoFilterChain$EntryImpl$1.messageReceived(AbstractIoFilterChain.java:648)
	at org.apache.mina.filter.executor.ExecutorFilter.processEvent(ExecutorFilter.java:239)
	at org.apache.mina.filter.executor.ExecutorFilter$ProcessEventsRunnable.run(ExecutorFilter.java:283)
	at java.util.concurrent.ThreadPoolExecutor.runWorker(ThreadPoolExecutor.java:1110)
	at java.util.concurrent.ThreadPoolExecutor$Worker.run(ThreadPoolExecutor.java:603)
	at org.apache.mina.util.NamePreservingRunnable.run(NamePreservingRunnable.java:51)
	at java.lang.Thread.run(Thread.java:722)
2014.08.22 14:42:16 org.jivesoftware.openfire.nio.ConnectionHandler - Closing connection due to error while processing message: <iq id='663-1' to='192.168.200.80' type='result'></iq>
java.lang.NullPointerException
	at org.jivesoftware.openfire.IQRouter.route(IQRouter.java:117)
	at org.jivesoftware.openfire.spi.PacketRouterImpl.route(PacketRouterImpl.java:76)
	at org.jivesoftware.openfire.net.StanzaHandler.processIQ(StanzaHandler.java:330)
	at org.jivesoftware.openfire.net.ClientStanzaHandler.processIQ(ClientStanzaHandler.java:93)
	at org.jivesoftware.openfire.net.StanzaHandler.process(StanzaHandler.java:295)
	at org.jivesoftware.openfire.net.StanzaHandler.process(StanzaHandler.java:187)
	at org.jivesoftware.openfire.nio.ConnectionHandler.messageReceived(ConnectionHandler.java:181)
	at org.apache.mina.common.support.AbstractIoFilterChain$TailFilter.messageReceived(AbstractIoFilterChain.java:570)
	at org.apache.mina.common.support.AbstractIoFilterChain.callNextMessageReceived(AbstractIoFilterChain.java:299)
	at org.apache.mina.common.support.AbstractIoFilterChain.access$1100(AbstractIoFilterChain.java:53)
	at org.apache.mina.common.support.AbstractIoFilterChain$EntryImpl$1.messageReceived(AbstractIoFilterChain.java:648)
	at org.apache.mina.common.IoFilterAdapter.messageReceived(IoFilterAdapter.java:80)
	at org.apache.mina.common.support.AbstractIoFilterChain.callNextMessageReceived(AbstractIoFilterChain.java:299)
	at org.apache.mina.common.support.AbstractIoFilterChain.access$1100(AbstractIoFilterChain.java:53)
	at org.apache.mina.common.support.AbstractIoFilterChain$EntryImpl$1.messageReceived(AbstractIoFilterChain.java:648)
	at org.apache.mina.filter.codec.support.SimpleProtocolDecoderOutput.flush(SimpleProtocolDecoderOutput.java:58)
	at org.apache.mina.filter.codec.ProtocolCodecFilter.messageReceived(ProtocolCodecFilter.java:185)
	at org.apache.mina.common.support.AbstractIoFilterChain.callNextMessageReceived(AbstractIoFilterChain.java:299)
	at org.apache.mina.common.support.AbstractIoFilterChain.access$1100(AbstractIoFilterChain.java:53)
	at org.apache.mina.common.support.AbstractIoFilterChain$EntryImpl$1.messageReceived(AbstractIoFilterChain.java:648)
	at org.apache.mina.filter.executor.ExecutorFilter.processEvent(ExecutorFilter.java:239)
	at org.apache.mina.filter.executor.ExecutorFilter$ProcessEventsRunnable.run(ExecutorFilter.java:283)
	at java.util.concurrent.ThreadPoolExecutor.runWorker(ThreadPoolExecutor.java:1110)
	at java.util.concurrent.ThreadPoolExecutor$Worker.run(ThreadPoolExecutor.java:603)
	at org.apache.mina.util.NamePreservingRunnable.run(NamePreservingRunnable.java:51)
	at java.lang.Thread.run(Thread.java:722)
2014.08.22 14:44:40 org.jivesoftware.openfire.user.DefaultUserProvider - 内部服务器错误
java.sql.SQLException: No value specified for parameter 8
	at com.mysql.jdbc.SQLError.createSQLException(SQLError.java:1084)
	at com.mysql.jdbc.SQLError.createSQLException(SQLError.java:987)
	at com.mysql.jdbc.SQLError.createSQLException(SQLError.java:973)
	at com.mysql.jdbc.SQLError.createSQLException(SQLError.java:918)
	at com.mysql.jdbc.PreparedStatement.checkAllParametersSet(PreparedStatement.java:2487)
	at com.mysql.jdbc.PreparedStatement.fillSendPacket(PreparedStatement.java:2462)
	at com.mysql.jdbc.PreparedStatement.fillSendPacket(PreparedStatement.java:2386)
	at com.mysql.jdbc.PreparedStatement.execute(PreparedStatement.java:1273)
	at sun.reflect.NativeMethodAccessorImpl.invoke0(Native Method)
	at sun.reflect.NativeMethodAccessorImpl.invoke(NativeMethodAccessorImpl.java:57)
	at sun.reflect.DelegatingMethodAccessorImpl.invoke(DelegatingMethodAccessorImpl.java:43)
	at java.lang.reflect.Method.invoke(Method.java:601)
	at org.logicalcobwebs.proxool.ProxyStatement.invoke(ProxyStatement.java:100)
	at org.logicalcobwebs.proxool.ProxyStatement.intercept(ProxyStatement.java:57)
	at $java.sql.Statement$$EnhancerByProxool$$90ed055d.execute(<generated>)
	at org.jivesoftware.openfire.user.DefaultUserProvider.createUser(DefaultUserProvider.java:183)
	at org.jivesoftware.openfire.user.UserManager.createUser(UserManager.java:178)
	at org.jivesoftware.openfire.handler.IQRegisterHandler.handleIQ(IQRegisterHandler.java:401)
	at org.jivesoftware.openfire.handler.IQHandler.process(IQHandler.java:65)
	at org.jivesoftware.openfire.IQRouter.handle(IQRouter.java:375)
	at org.jivesoftware.openfire.IQRouter.route(IQRouter.java:122)
	at org.jivesoftware.openfire.spi.PacketRouterImpl.route(PacketRouterImpl.java:76)
	at org.jivesoftware.openfire.net.StanzaHandler.processIQ(StanzaHandler.java:330)
	at org.jivesoftware.openfire.net.ClientStanzaHandler.processIQ(ClientStanzaHandler.java:93)
	at org.jivesoftware.openfire.net.StanzaHandler.process(StanzaHandler.java:295)
	at org.jivesoftware.openfire.net.StanzaHandler.process(StanzaHandler.java:187)
	at org.jivesoftware.openfire.nio.ConnectionHandler.messageReceived(ConnectionHandler.java:181)
	at org.apache.mina.common.support.AbstractIoFilterChain$TailFilter.messageReceived(AbstractIoFilterChain.java:570)
	at org.apache.mina.common.support.AbstractIoFilterChain.callNextMessageReceived(AbstractIoFilterChain.java:299)
	at org.apache.mina.common.support.AbstractIoFilterChain.access$1100(AbstractIoFilterChain.java:53)
	at org.apache.mina.common.support.AbstractIoFilterChain$EntryImpl$1.messageReceived(AbstractIoFilterChain.java:648)
	at org.apache.mina.common.IoFilterAdapter.messageReceived(IoFilterAdapter.java:80)
	at org.apache.mina.common.support.AbstractIoFilterChain.callNextMessageReceived(AbstractIoFilterChain.java:299)
	at org.apache.mina.common.support.AbstractIoFilterChain.access$1100(AbstractIoFilterChain.java:53)
	at org.apache.mina.common.support.AbstractIoFilterChain$EntryImpl$1.messageReceived(AbstractIoFilterChain.java:648)
	at org.apache.mina.filter.codec.support.SimpleProtocolDecoderOutput.flush(SimpleProtocolDecoderOutput.java:58)
	at org.apache.mina.filter.codec.ProtocolCodecFilter.messageReceived(ProtocolCodecFilter.java:185)
	at org.apache.mina.common.support.AbstractIoFilterChain.callNextMessageReceived(AbstractIoFilterChain.java:299)
	at org.apache.mina.common.support.AbstractIoFilterChain.access$1100(AbstractIoFilterChain.java:53)
	at org.apache.mina.common.support.AbstractIoFilterChain$EntryImpl$1.messageReceived(AbstractIoFilterChain.java:648)
	at org.apache.mina.filter.executor.ExecutorFilter.processEvent(ExecutorFilter.java:239)
	at org.apache.mina.filter.executor.ExecutorFilter$ProcessEventsRunnable.run(ExecutorFilter.java:283)
	at java.util.concurrent.ThreadPoolExecutor.runWorker(ThreadPoolExecutor.java:1110)
	at java.util.concurrent.ThreadPoolExecutor$Worker.run(ThreadPoolExecutor.java:603)
	at org.apache.mina.util.NamePreservingRunnable.run(NamePreservingRunnable.java:51)
	at java.lang.Thread.run(Thread.java:722)
2014.08.22 14:46:00 org.jivesoftware.openfire.user.DefaultUserProvider - 内部服务器错误
java.sql.SQLException: No value specified for parameter 8
	at com.mysql.jdbc.SQLError.createSQLException(SQLError.java:1084)
	at com.mysql.jdbc.SQLError.createSQLException(SQLError.java:987)
	at com.mysql.jdbc.SQLError.createSQLException(SQLError.java:973)
	at com.mysql.jdbc.SQLError.createSQLException(SQLError.java:918)
	at com.mysql.jdbc.PreparedStatement.checkAllParametersSet(PreparedStatement.java:2487)
	at com.mysql.jdbc.PreparedStatement.fillSendPacket(PreparedStatement.java:2462)
	at com.mysql.jdbc.PreparedStatement.fillSendPacket(PreparedStatement.java:2386)
	at com.mysql.jdbc.PreparedStatement.execute(PreparedStatement.java:1273)
	at sun.reflect.NativeMethodAccessorImpl.invoke0(Native Method)
	at sun.reflect.NativeMethodAccessorImpl.invoke(NativeMethodAccessorImpl.java:57)
	at sun.reflect.DelegatingMethodAccessorImpl.invoke(DelegatingMethodAccessorImpl.java:43)
	at java.lang.reflect.Method.invoke(Method.java:601)
	at org.logicalcobwebs.proxool.ProxyStatement.invoke(ProxyStatement.java:100)
	at org.logicalcobwebs.proxool.ProxyStatement.intercept(ProxyStatement.java:57)
	at $java.sql.Statement$$EnhancerByProxool$$90ed055d.execute(<generated>)
	at org.jivesoftware.openfire.user.DefaultUserProvider.createUser(DefaultUserProvider.java:183)
	at org.jivesoftware.openfire.user.UserManager.createUser(UserManager.java:178)
	at org.jivesoftware.openfire.handler.IQRegisterHandler.handleIQ(IQRegisterHandler.java:401)
	at org.jivesoftware.openfire.handler.IQHandler.process(IQHandler.java:65)
	at org.jivesoftware.openfire.IQRouter.handle(IQRouter.java:375)
	at org.jivesoftware.openfire.IQRouter.route(IQRouter.java:122)
	at org.jivesoftware.openfire.spi.PacketRouterImpl.route(PacketRouterImpl.java:76)
	at org.jivesoftware.openfire.net.StanzaHandler.processIQ(StanzaHandler.java:330)
	at org.jivesoftware.openfire.net.ClientStanzaHandler.processIQ(ClientStanzaHandler.java:93)
	at org.jivesoftware.openfire.net.StanzaHandler.process(StanzaHandler.java:295)
	at org.jivesoftware.openfire.net.StanzaHandler.process(StanzaHandler.java:187)
	at org.jivesoftware.openfire.nio.ConnectionHandler.messageReceived(ConnectionHandler.java:181)
	at org.apache.mina.common.support.AbstractIoFilterChain$TailFilter.messageReceived(AbstractIoFilterChain.java:570)
	at org.apache.mina.common.support.AbstractIoFilterChain.callNextMessageReceived(AbstractIoFilterChain.java:299)
	at org.apache.mina.common.support.AbstractIoFilterChain.access$1100(AbstractIoFilterChain.java:53)
	at org.apache.mina.common.support.AbstractIoFilterChain$EntryImpl$1.messageReceived(AbstractIoFilterChain.java:648)
	at org.apache.mina.common.IoFilterAdapter.messageReceived(IoFilterAdapter.java:80)
	at org.apache.mina.common.support.AbstractIoFilterChain.callNextMessageReceived(AbstractIoFilterChain.java:299)
	at org.apache.mina.common.support.AbstractIoFilterChain.access$1100(AbstractIoFilterChain.java:53)
	at org.apache.mina.common.support.AbstractIoFilterChain$EntryImpl$1.messageReceived(AbstractIoFilterChain.java:648)
	at org.apache.mina.filter.codec.support.SimpleProtocolDecoderOutput.flush(SimpleProtocolDecoderOutput.java:58)
	at org.apache.mina.filter.codec.ProtocolCodecFilter.messageReceived(ProtocolCodecFilter.java:185)
	at org.apache.mina.common.support.AbstractIoFilterChain.callNextMessageReceived(AbstractIoFilterChain.java:299)
	at org.apache.mina.common.support.AbstractIoFilterChain.access$1100(AbstractIoFilterChain.java:53)
	at org.apache.mina.common.support.AbstractIoFilterChain$EntryImpl$1.messageReceived(AbstractIoFilterChain.java:648)
	at org.apache.mina.filter.executor.ExecutorFilter.processEvent(ExecutorFilter.java:239)
	at org.apache.mina.filter.executor.ExecutorFilter$ProcessEventsRunnable.run(ExecutorFilter.java:283)
	at java.util.concurrent.ThreadPoolExecutor.runWorker(ThreadPoolExecutor.java:1110)
	at java.util.concurrent.ThreadPoolExecutor$Worker.run(ThreadPoolExecutor.java:603)
	at org.apache.mina.util.NamePreservingRunnable.run(NamePreservingRunnable.java:51)
	at java.lang.Thread.run(Thread.java:722)
2014.08.22 14:46:04 org.jivesoftware.openfire.user.DefaultUserProvider - 内部服务器错误
java.sql.SQLException: No value specified for parameter 8
	at com.mysql.jdbc.SQLError.createSQLException(SQLError.java:1084)
	at com.mysql.jdbc.SQLError.createSQLException(SQLError.java:987)
	at com.mysql.jdbc.SQLError.createSQLException(SQLError.java:973)
	at com.mysql.jdbc.SQLError.createSQLException(SQLError.java:918)
	at com.mysql.jdbc.PreparedStatement.checkAllParametersSet(PreparedStatement.java:2487)
	at com.mysql.jdbc.PreparedStatement.fillSendPacket(PreparedStatement.java:2462)
	at com.mysql.jdbc.PreparedStatement.fillSendPacket(PreparedStatement.java:2386)
	at com.mysql.jdbc.PreparedStatement.execute(PreparedStatement.java:1273)
	at sun.reflect.NativeMethodAccessorImpl.invoke0(Native Method)
	at sun.reflect.NativeMethodAccessorImpl.invoke(NativeMethodAccessorImpl.java:57)
	at sun.reflect.DelegatingMethodAccessorImpl.invoke(DelegatingMethodAccessorImpl.java:43)
	at java.lang.reflect.Method.invoke(Method.java:601)
	at org.logicalcobwebs.proxool.ProxyStatement.invoke(ProxyStatement.java:100)
	at org.logicalcobwebs.proxool.ProxyStatement.intercept(ProxyStatement.java:57)
	at $java.sql.Statement$$EnhancerByProxool$$90ed055d.execute(<generated>)
	at org.jivesoftware.openfire.user.DefaultUserProvider.createUser(DefaultUserProvider.java:183)
	at org.jivesoftware.openfire.user.UserManager.createUser(UserManager.java:178)
	at org.jivesoftware.openfire.handler.IQRegisterHandler.handleIQ(IQRegisterHandler.java:401)
	at org.jivesoftware.openfire.handler.IQHandler.process(IQHandler.java:65)
	at org.jivesoftware.openfire.IQRouter.handle(IQRouter.java:375)
	at org.jivesoftware.openfire.IQRouter.route(IQRouter.java:122)
	at org.jivesoftware.openfire.spi.PacketRouterImpl.route(PacketRouterImpl.java:76)
	at org.jivesoftware.openfire.net.StanzaHandler.processIQ(StanzaHandler.java:330)
	at org.jivesoftware.openfire.net.ClientStanzaHandler.processIQ(ClientStanzaHandler.java:93)
	at org.jivesoftware.openfire.net.StanzaHandler.process(StanzaHandler.java:295)
	at org.jivesoftware.openfire.net.StanzaHandler.process(StanzaHandler.java:187)
	at org.jivesoftware.openfire.nio.ConnectionHandler.messageReceived(ConnectionHandler.java:181)
	at org.apache.mina.common.support.AbstractIoFilterChain$TailFilter.messageReceived(AbstractIoFilterChain.java:570)
	at org.apache.mina.common.support.AbstractIoFilterChain.callNextMessageReceived(AbstractIoFilterChain.java:299)
	at org.apache.mina.common.support.AbstractIoFilterChain.access$1100(AbstractIoFilterChain.java:53)
	at org.apache.mina.common.support.AbstractIoFilterChain$EntryImpl$1.messageReceived(AbstractIoFilterChain.java:648)
	at org.apache.mina.common.IoFilterAdapter.messageReceived(IoFilterAdapter.java:80)
	at org.apache.mina.common.support.AbstractIoFilterChain.callNextMessageReceived(AbstractIoFilterChain.java:299)
	at org.apache.mina.common.support.AbstractIoFilterChain.access$1100(AbstractIoFilterChain.java:53)
	at org.apache.mina.common.support.AbstractIoFilterChain$EntryImpl$1.messageReceived(AbstractIoFilterChain.java:648)
	at org.apache.mina.filter.codec.support.SimpleProtocolDecoderOutput.flush(SimpleProtocolDecoderOutput.java:58)
	at org.apache.mina.filter.codec.ProtocolCodecFilter.messageReceived(ProtocolCodecFilter.java:185)
	at org.apache.mina.common.support.AbstractIoFilterChain.callNextMessageReceived(AbstractIoFilterChain.java:299)
	at org.apache.mina.common.support.AbstractIoFilterChain.access$1100(AbstractIoFilterChain.java:53)
	at org.apache.mina.common.support.AbstractIoFilterChain$EntryImpl$1.messageReceived(AbstractIoFilterChain.java:648)
	at org.apache.mina.filter.executor.ExecutorFilter.processEvent(ExecutorFilter.java:239)
	at org.apache.mina.filter.executor.ExecutorFilter$ProcessEventsRunnable.run(ExecutorFilter.java:283)
	at java.util.concurrent.ThreadPoolExecutor.runWorker(ThreadPoolExecutor.java:1110)
	at java.util.concurrent.ThreadPoolExecutor$Worker.run(ThreadPoolExecutor.java:603)
	at org.apache.mina.util.NamePreservingRunnable.run(NamePreservingRunnable.java:51)
	at java.lang.Thread.run(Thread.java:722)
2014.08.22 14:48:34 org.jivesoftware.openfire.user.DefaultUserProvider - 内部服务器错误
java.sql.SQLException: No value specified for parameter 8
	at com.mysql.jdbc.SQLError.createSQLException(SQLError.java:1084)
	at com.mysql.jdbc.SQLError.createSQLException(SQLError.java:987)
	at com.mysql.jdbc.SQLError.createSQLException(SQLError.java:973)
	at com.mysql.jdbc.SQLError.createSQLException(SQLError.java:918)
	at com.mysql.jdbc.PreparedStatement.checkAllParametersSet(PreparedStatement.java:2487)
	at com.mysql.jdbc.PreparedStatement.fillSendPacket(PreparedStatement.java:2462)
	at com.mysql.jdbc.PreparedStatement.fillSendPacket(PreparedStatement.java:2386)
	at com.mysql.jdbc.PreparedStatement.execute(PreparedStatement.java:1273)
	at sun.reflect.NativeMethodAccessorImpl.invoke0(Native Method)
	at sun.reflect.NativeMethodAccessorImpl.invoke(NativeMethodAccessorImpl.java:57)
	at sun.reflect.DelegatingMethodAccessorImpl.invoke(DelegatingMethodAccessorImpl.java:43)
	at java.lang.reflect.Method.invoke(Method.java:601)
	at org.logicalcobwebs.proxool.ProxyStatement.invoke(ProxyStatement.java:100)
	at org.logicalcobwebs.proxool.ProxyStatement.intercept(ProxyStatement.java:57)
	at $java.sql.Wrapper$$EnhancerByProxool$$7a13bbad.execute(<generated>)
	at org.jivesoftware.openfire.user.DefaultUserProvider.createUser(DefaultUserProvider.java:183)
	at org.jivesoftware.openfire.user.UserManager.createUser(UserManager.java:178)
	at org.jivesoftware.openfire.handler.IQRegisterHandler.handleIQ(IQRegisterHandler.java:401)
	at org.jivesoftware.openfire.handler.IQHandler.process(IQHandler.java:65)
	at org.jivesoftware.openfire.IQRouter.handle(IQRouter.java:375)
	at org.jivesoftware.openfire.IQRouter.route(IQRouter.java:122)
	at org.jivesoftware.openfire.spi.PacketRouterImpl.route(PacketRouterImpl.java:76)
	at org.jivesoftware.openfire.net.StanzaHandler.processIQ(StanzaHandler.java:330)
	at org.jivesoftware.openfire.net.ClientStanzaHandler.processIQ(ClientStanzaHandler.java:93)
	at org.jivesoftware.openfire.net.StanzaHandler.process(StanzaHandler.java:295)
	at org.jivesoftware.openfire.net.StanzaHandler.process(StanzaHandler.java:187)
	at org.jivesoftware.openfire.nio.ConnectionHandler.messageReceived(ConnectionHandler.java:181)
	at org.apache.mina.common.support.AbstractIoFilterChain$TailFilter.messageReceived(AbstractIoFilterChain.java:570)
	at org.apache.mina.common.support.AbstractIoFilterChain.callNextMessageReceived(AbstractIoFilterChain.java:299)
	at org.apache.mina.common.support.AbstractIoFilterChain.access$1100(AbstractIoFilterChain.java:53)
	at org.apache.mina.common.support.AbstractIoFilterChain$EntryImpl$1.messageReceived(AbstractIoFilterChain.java:648)
	at org.apache.mina.common.IoFilterAdapter.messageReceived(IoFilterAdapter.java:80)
	at org.apache.mina.common.support.AbstractIoFilterChain.callNextMessageReceived(AbstractIoFilterChain.java:299)
	at org.apache.mina.common.support.AbstractIoFilterChain.access$1100(AbstractIoFilterChain.java:53)
	at org.apache.mina.common.support.AbstractIoFilterChain$EntryImpl$1.messageReceived(AbstractIoFilterChain.java:648)
	at org.apache.mina.filter.codec.support.SimpleProtocolDecoderOutput.flush(SimpleProtocolDecoderOutput.java:58)
	at org.apache.mina.filter.codec.ProtocolCodecFilter.messageReceived(ProtocolCodecFilter.java:185)
	at org.apache.mina.common.support.AbstractIoFilterChain.callNextMessageReceived(AbstractIoFilterChain.java:299)
	at org.apache.mina.common.support.AbstractIoFilterChain.access$1100(AbstractIoFilterChain.java:53)
	at org.apache.mina.common.support.AbstractIoFilterChain$EntryImpl$1.messageReceived(AbstractIoFilterChain.java:648)
	at org.apache.mina.filter.executor.ExecutorFilter.processEvent(ExecutorFilter.java:239)
	at org.apache.mina.filter.executor.ExecutorFilter$ProcessEventsRunnable.run(ExecutorFilter.java:283)
	at java.util.concurrent.ThreadPoolExecutor.runWorker(ThreadPoolExecutor.java:1110)
	at java.util.concurrent.ThreadPoolExecutor$Worker.run(ThreadPoolExecutor.java:603)
	at org.apache.mina.util.NamePreservingRunnable.run(NamePreservingRunnable.java:51)
	at java.lang.Thread.run(Thread.java:722)
